c:\users\danielito\desktop\workbench\graficas_1\icg - plantilla\x64\debug\vc143.pdb
c:\users\danielito\desktop\workbench\graficas_1\icg - plantilla\x64\debug\vc143.idb
c:\users\danielito\desktop\workbench\graficas_1\icg - plantilla\x64\debug\triangle.obj
c:\users\danielito\desktop\workbench\graficas_1\icg - plantilla\x64\debug\elipse.obj
c:\users\danielito\desktop\workbench\graficas_1\icg - plantilla\x64\debug\curve.obj
c:\users\danielito\desktop\workbench\graficas_1\icg - plantilla\x64\debug\userinterface.obj
c:\users\danielito\desktop\workbench\graficas_1\icg - plantilla\x64\debug\quad.obj
c:\users\danielito\desktop\workbench\graficas_1\icg - plantilla\x64\debug\main.obj
c:\users\danielito\desktop\workbench\graficas_1\icg - plantilla\x64\debug\line.obj
c:\users\danielito\desktop\workbench\graficas_1\icg - plantilla\x64\debug\figure.obj
c:\users\danielito\desktop\workbench\graficas_1\icg - plantilla\x64\debug\circle.obj
c:\users\danielito\desktop\workbench\graficas_1\x64\debug\icg - plantilla.exe
c:\users\danielito\desktop\workbench\graficas_1\icg - plantilla\x64\debug\icg - plantilla.ilk
c:\users\danielito\desktop\workbench\graficas_1\x64\debug\icg - plantilla.pdb
c:\users\danielito\desktop\workbench\graficas_1\icg - plantilla\x64\debug\icg - plantilla.tlog\cl.command.1.tlog
c:\users\danielito\desktop\workbench\graficas_1\icg - plantilla\x64\debug\icg - plantilla.tlog\cl.read.1.tlog
c:\users\danielito\desktop\workbench\graficas_1\icg - plantilla\x64\debug\icg - plantilla.tlog\cl.write.1.tlog
c:\users\danielito\desktop\workbench\graficas_1\icg - plantilla\x64\debug\icg - plantilla.tlog\link.command.1.tlog
c:\users\danielito\desktop\workbench\graficas_1\icg - plantilla\x64\debug\icg - plantilla.tlog\link.read.1.tlog
c:\users\danielito\desktop\workbench\graficas_1\icg - plantilla\x64\debug\icg - plantilla.tlog\link.write.1.tlog
