  Triangle.cpp
C:\Users\ccgucv\Desktop\Workbench\Graficas_1\ICG - Plantilla\Triangle.cpp(51,31): warning C4244: '=': conversion from 'int' to 'GLfloat', possible loss of data
C:\Users\ccgucv\Desktop\Workbench\Graficas_1\ICG - Plantilla\Triangle.cpp(52,31): warning C4244: '=': conversion from 'int' to 'GLfloat', possible loss of data
C:\Users\ccgucv\Desktop\Workbench\Graficas_1\ICG - Plantilla\Triangle.cpp(53,31): warning C4244: '=': conversion from 'int' to 'GLfloat', possible loss of data
C:\Users\ccgucv\Desktop\Workbench\Graficas_1\ICG - Plantilla\Triangle.cpp(54,31): warning C4244: '=': conversion from 'int' to 'GLfloat', possible loss of data
C:\Users\ccgucv\Desktop\Workbench\Graficas_1\ICG - Plantilla\Triangle.cpp(55,31): warning C4244: '=': conversion from 'int' to 'GLfloat', possible loss of data
C:\Users\ccgucv\Desktop\Workbench\Graficas_1\ICG - Plantilla\Triangle.cpp(56,31): warning C4244: '=': conversion from 'int' to 'GLfloat', possible loss of data
C:\Users\ccgucv\Desktop\Workbench\Graficas_1\ICG - Plantilla\Triangle.cpp(78,112): warning C4244: 'argument': conversion from '_Ty2' to 'int', possible loss of data
          with
          [
              _Ty2=float
          ]
C:\Users\ccgucv\Desktop\Workbench\Graficas_1\ICG - Plantilla\Triangle.cpp(78,87): warning C4244: 'argument': conversion from '_Ty1' to 'int', possible loss of data
          with
          [
              _Ty1=float
          ]
C:\Users\ccgucv\Desktop\Workbench\Graficas_1\ICG - Plantilla\Triangle.cpp(78,61): warning C4244: 'argument': conversion from '_Ty2' to 'int', possible loss of data
          with
          [
              _Ty2=float
          ]
C:\Users\ccgucv\Desktop\Workbench\Graficas_1\ICG - Plantilla\Triangle.cpp(78,40): warning C4244: 'argument': conversion from '_Ty1' to 'int', possible loss of data
          with
          [
              _Ty1=float
          ]
C:\Users\ccgucv\Desktop\Workbench\Graficas_1\ICG - Plantilla\Triangle.cpp(92,117): warning C4244: 'argument': conversion from '_Ty2' to 'int', possible loss of data
          with
          [
              _Ty2=float
          ]
C:\Users\ccgucv\Desktop\Workbench\Graficas_1\ICG - Plantilla\Triangle.cpp(92,92): warning C4244: 'argument': conversion from '_Ty1' to 'int', possible loss of data
          with
          [
              _Ty1=float
          ]
C:\Users\ccgucv\Desktop\Workbench\Graficas_1\ICG - Plantilla\Triangle.cpp(92,66): warning C4244: 'argument': conversion from '_Ty2' to 'int', possible loss of data
          with
          [
              _Ty2=float
          ]
C:\Users\ccgucv\Desktop\Workbench\Graficas_1\ICG - Plantilla\Triangle.cpp(92,43): warning C4244: 'argument': conversion from '_Ty1' to 'int', possible loss of data
          with
          [
              _Ty1=float
          ]
C:\Users\ccgucv\Desktop\Workbench\Graficas_1\ICG - Plantilla\Triangle.cpp(29,24): warning C4101: 'yMin': unreferenced local variable
C:\Users\ccgucv\Desktop\Workbench\Graficas_1\ICG - Plantilla\Triangle.cpp(29,6): warning C4101: 'xMax': unreferenced local variable
C:\Users\ccgucv\Desktop\Workbench\Graficas_1\ICG - Plantilla\Triangle.cpp(29,12): warning C4101: 'yMax': unreferenced local variable
C:\Users\ccgucv\Desktop\Workbench\Graficas_1\ICG - Plantilla\Triangle.cpp(29,18): warning C4101: 'xMin': unreferenced local variable
C:\Users\ccgucv\Desktop\Workbench\Graficas_1\ICG - Plantilla\Triangle.cpp(64,12): warning C4101: 'jj': unreferenced local variable
C:\Users\ccgucv\Desktop\Workbench\Graficas_1\ICG - Plantilla\Triangle.cpp(64,8): warning C4101: 'ii': unreferenced local variable
C:\Program Files\Microsoft Visual Studio\2022\Community\VC\Tools\MSVC\14.32.31326\include\utility(190,16): warning C4244: 'initializing': conversion from 'int' to '_Ty1', possible loss of data
          with
          [
              _Ty1=float
          ]
C:\Users\ccgucv\Desktop\Workbench\Graficas_1\ICG - Plantilla\Triangle.cpp(265): message : see reference to function template instantiation 'std::pair<float,float>::pair<int&,int&,0>(_Other1,_Other2) noexcept' being compiled
          with
          [
              _Other1=int &,
              _Other2=int &
          ]
C:\Users\ccgucv\Desktop\Workbench\Graficas_1\ICG - Plantilla\Triangle.cpp(265): message : see reference to function template instantiation 'std::pair<float,float>::pair<int&,int&,0>(_Other1,_Other2) noexcept' being compiled
          with
          [
              _Other1=int &,
              _Other2=int &
          ]
C:\Program Files\Microsoft Visual Studio\2022\Community\VC\Tools\MSVC\14.32.31326\include\utility(190,54): warning C4244: 'initializing': conversion from 'int' to '_Ty2', possible loss of data
          with
          [
              _Ty2=float
          ]
  ICG - Plantilla.vcxproj -> C:\Users\ccgucv\Desktop\Workbench\Graficas_1\x64\Debug\ICG - Plantilla.exe
